[0.137s] Invoking command in '/mnt/c/Users/mhoal/OneDrive - Koc Universitesi/Masaüstü/koc/sem 8/GradWork/dev/phoenix_bot/src/build/phoenix_bot': CMAKE_PREFIX_PATH=/opt/ros/humble /usr/bin/cmake /mnt/c/Users/mhoal/OneDrive - Koc Universitesi/Masaüstü/koc/sem 8/GradWork/dev/phoenix_bot/src -DAMENT_CMAKE_SYMLINK_INSTALL=1 -DCMAKE_INSTALL_PREFIX=/mnt/c/Users/mhoal/OneDrive - Koc Universitesi/Masaüstü/koc/sem 8/GradWork/dev/phoenix_bot/src/install/phoenix_bot
[0.787s] -- The C compiler identification is GNU 11.4.0
[2.340s] -- The CXX compiler identification is GNU 11.4.0
[3.585s] -- Detecting C compiler ABI info
[5.496s] -- Detecting C compiler ABI info - done
[5.567s] -- Check for working C compiler: /usr/bin/cc - skipped
[5.569s] -- Detecting C compile features
[5.571s] -- Detecting C compile features - done
[5.708s] -- Detecting CXX compiler ABI info
[6.815s] -- Detecting CXX compiler ABI info - done
[6.870s] -- Check for working CXX compiler: /usr/bin/c++ - skipped
[6.873s] -- Detecting CXX compile features
[6.875s] -- Detecting CXX compile features - done
[6.972s] -- Found ament_cmake: 1.3.14 (/opt/ros/humble/share/ament_cmake/cmake)
[7.104s] -- Found Python3: /usr/bin/python3 (found version "3.10.12") found components: Interpreter 
[7.294s] -- Override CMake install command with custom implementation using symlinks instead of copying resources
[7.505s] -- Found ament_lint_auto: 0.12.15 (/opt/ros/humble/share/ament_lint_auto/cmake)
[8.667s] -- Added test 'copyright' to check source files copyright and LICENSE
[12.624s] -- Added test 'cppcheck' to perform static code analysis on C / C++ code
[12.625s] -- Configured cppcheck include dirs: 
[12.627s] -- Configured cppcheck exclude dirs and/or files: 
[16.644s] -- Added test 'cpplint' to check C / C++ code against the Google style
[16.645s] -- Configured cpplint exclude dirs and/or files: 
[17.112s] -- Added test 'flake8' to check Python code syntax and style conventions
[18.090s] -- Added test 'lint_cmake' to check CMake code style
[18.531s] -- Added test 'pep257' to check Python code against some of the docstring style conventions in PEP 257
[22.433s] -- Added test 'uncrustify' to check C / C++ code style
[22.435s] -- Configured uncrustify additional arguments: 
[22.936s] -- Added test 'xmllint' to check XML markup files
[23.193s] -- Configuring done
[23.689s] -- Generating done
[24.006s] -- Build files have been written to: /mnt/c/Users/mhoal/OneDrive - Koc Universitesi/Masaüstü/koc/sem 8/GradWork/dev/phoenix_bot/src/build/phoenix_bot
[24.013s] Invoked command in '/mnt/c/Users/mhoal/OneDrive - Koc Universitesi/Masaüstü/koc/sem 8/GradWork/dev/phoenix_bot/src/build/phoenix_bot' returned '0': CMAKE_PREFIX_PATH=/opt/ros/humble /usr/bin/cmake /mnt/c/Users/mhoal/OneDrive - Koc Universitesi/Masaüstü/koc/sem 8/GradWork/dev/phoenix_bot/src -DAMENT_CMAKE_SYMLINK_INSTALL=1 -DCMAKE_INSTALL_PREFIX=/mnt/c/Users/mhoal/OneDrive - Koc Universitesi/Masaüstü/koc/sem 8/GradWork/dev/phoenix_bot/src/install/phoenix_bot
[24.029s] Invoking command in '/mnt/c/Users/mhoal/OneDrive - Koc Universitesi/Masaüstü/koc/sem 8/GradWork/dev/phoenix_bot/src/build/phoenix_bot': CMAKE_PREFIX_PATH=/opt/ros/humble /usr/bin/cmake --build /mnt/c/Users/mhoal/OneDrive - Koc Universitesi/Masaüstü/koc/sem 8/GradWork/dev/phoenix_bot/src/build/phoenix_bot -- -j16 -l16
[24.183s] Invoked command in '/mnt/c/Users/mhoal/OneDrive - Koc Universitesi/Masaüstü/koc/sem 8/GradWork/dev/phoenix_bot/src/build/phoenix_bot' returned '0': CMAKE_PREFIX_PATH=/opt/ros/humble /usr/bin/cmake --build /mnt/c/Users/mhoal/OneDrive - Koc Universitesi/Masaüstü/koc/sem 8/GradWork/dev/phoenix_bot/src/build/phoenix_bot -- -j16 -l16
[24.223s] Invoking command in '/mnt/c/Users/mhoal/OneDrive - Koc Universitesi/Masaüstü/koc/sem 8/GradWork/dev/phoenix_bot/src/build/phoenix_bot': CMAKE_PREFIX_PATH=/opt/ros/humble /usr/bin/cmake --install /mnt/c/Users/mhoal/OneDrive - Koc Universitesi/Masaüstü/koc/sem 8/GradWork/dev/phoenix_bot/src/build/phoenix_bot
[24.234s] -- Install configuration: ""
[24.247s] -- Execute custom install script
[24.299s] -- Symlinking: /mnt/c/Users/mhoal/OneDrive - Koc Universitesi/Masaüstü/koc/sem 8/GradWork/dev/phoenix_bot/src/install/phoenix_bot/share/phoenix_bot/config/empty.yaml
[24.383s] -- Symlinking: /mnt/c/Users/mhoal/OneDrive - Koc Universitesi/Masaüstü/koc/sem 8/GradWork/dev/phoenix_bot/src/install/phoenix_bot/share/phoenix_bot/description/camera.xacro
[24.458s] -- Symlinking: /mnt/c/Users/mhoal/OneDrive - Koc Universitesi/Masaüstü/koc/sem 8/GradWork/dev/phoenix_bot/src/install/phoenix_bot/share/phoenix_bot/description/depth_camera.xacro
[24.511s] -- Symlinking: /mnt/c/Users/mhoal/OneDrive - Koc Universitesi/Masaüstü/koc/sem 8/GradWork/dev/phoenix_bot/src/install/phoenix_bot/share/phoenix_bot/description/gazebo_control.xacro
[24.562s] -- Symlinking: /mnt/c/Users/mhoal/OneDrive - Koc Universitesi/Masaüstü/koc/sem 8/GradWork/dev/phoenix_bot/src/install/phoenix_bot/share/phoenix_bot/description/inertial_macros.xacro
[24.614s] -- Symlinking: /mnt/c/Users/mhoal/OneDrive - Koc Universitesi/Masaüstü/koc/sem 8/GradWork/dev/phoenix_bot/src/install/phoenix_bot/share/phoenix_bot/description/lidar.xacro
[24.667s] -- Symlinking: /mnt/c/Users/mhoal/OneDrive - Koc Universitesi/Masaüstü/koc/sem 8/GradWork/dev/phoenix_bot/src/install/phoenix_bot/share/phoenix_bot/description/robot.urdf.xacro
[24.729s] -- Symlinking: /mnt/c/Users/mhoal/OneDrive - Koc Universitesi/Masaüstü/koc/sem 8/GradWork/dev/phoenix_bot/src/install/phoenix_bot/share/phoenix_bot/description/robot_core.xacro
[24.932s] -- Symlinking: /mnt/c/Users/mhoal/OneDrive - Koc Universitesi/Masaüstü/koc/sem 8/GradWork/dev/phoenix_bot/src/install/phoenix_bot/share/phoenix_bot/launch/launch_sim.launch.py
[25.069s] -- Symlinking: /mnt/c/Users/mhoal/OneDrive - Koc Universitesi/Masaüstü/koc/sem 8/GradWork/dev/phoenix_bot/src/install/phoenix_bot/share/phoenix_bot/launch/rsp.launch.py
[25.225s] -- Symlinking: /mnt/c/Users/mhoal/OneDrive - Koc Universitesi/Masaüstü/koc/sem 8/GradWork/dev/phoenix_bot/src/install/phoenix_bot/share/phoenix_bot/worlds/empty.world
[25.309s] -- Symlinking: /mnt/c/Users/mhoal/OneDrive - Koc Universitesi/Masaüstü/koc/sem 8/GradWork/dev/phoenix_bot/src/install/phoenix_bot/share/phoenix_bot/worlds/obstacles.world
[25.410s] -- Symlinking: /mnt/c/Users/mhoal/OneDrive - Koc Universitesi/Masaüstü/koc/sem 8/GradWork/dev/phoenix_bot/src/install/phoenix_bot/share/ament_index/resource_index/package_run_dependencies/phoenix_bot
[25.510s] -- Symlinking: /mnt/c/Users/mhoal/OneDrive - Koc Universitesi/Masaüstü/koc/sem 8/GradWork/dev/phoenix_bot/src/install/phoenix_bot/share/ament_index/resource_index/parent_prefix_path/phoenix_bot
[25.588s] -- Symlinking: /mnt/c/Users/mhoal/OneDrive - Koc Universitesi/Masaüstü/koc/sem 8/GradWork/dev/phoenix_bot/src/install/phoenix_bot/share/phoenix_bot/environment/ament_prefix_path.sh
[25.653s] -- Symlinking: /mnt/c/Users/mhoal/OneDrive - Koc Universitesi/Masaüstü/koc/sem 8/GradWork/dev/phoenix_bot/src/install/phoenix_bot/share/phoenix_bot/environment/ament_prefix_path.dsv
[25.725s] -- Symlinking: /mnt/c/Users/mhoal/OneDrive - Koc Universitesi/Masaüstü/koc/sem 8/GradWork/dev/phoenix_bot/src/install/phoenix_bot/share/phoenix_bot/environment/path.sh
[25.796s] -- Symlinking: /mnt/c/Users/mhoal/OneDrive - Koc Universitesi/Masaüstü/koc/sem 8/GradWork/dev/phoenix_bot/src/install/phoenix_bot/share/phoenix_bot/environment/path.dsv
[25.879s] -- Symlinking: /mnt/c/Users/mhoal/OneDrive - Koc Universitesi/Masaüstü/koc/sem 8/GradWork/dev/phoenix_bot/src/install/phoenix_bot/share/phoenix_bot/local_setup.bash
[25.921s] -- Symlinking: /mnt/c/Users/mhoal/OneDrive - Koc Universitesi/Masaüstü/koc/sem 8/GradWork/dev/phoenix_bot/src/install/phoenix_bot/share/phoenix_bot/local_setup.sh
[25.980s] -- Symlinking: /mnt/c/Users/mhoal/OneDrive - Koc Universitesi/Masaüstü/koc/sem 8/GradWork/dev/phoenix_bot/src/install/phoenix_bot/share/phoenix_bot/local_setup.zsh
[26.028s] -- Symlinking: /mnt/c/Users/mhoal/OneDrive - Koc Universitesi/Masaüstü/koc/sem 8/GradWork/dev/phoenix_bot/src/install/phoenix_bot/share/phoenix_bot/local_setup.dsv
[26.076s] -- Symlinking: /mnt/c/Users/mhoal/OneDrive - Koc Universitesi/Masaüstü/koc/sem 8/GradWork/dev/phoenix_bot/src/install/phoenix_bot/share/phoenix_bot/package.dsv
[26.156s] -- Symlinking: /mnt/c/Users/mhoal/OneDrive - Koc Universitesi/Masaüstü/koc/sem 8/GradWork/dev/phoenix_bot/src/install/phoenix_bot/share/ament_index/resource_index/packages/phoenix_bot
[26.235s] -- Symlinking: /mnt/c/Users/mhoal/OneDrive - Koc Universitesi/Masaüstü/koc/sem 8/GradWork/dev/phoenix_bot/src/install/phoenix_bot/share/phoenix_bot/cmake/phoenix_botConfig.cmake
[26.289s] -- Symlinking: /mnt/c/Users/mhoal/OneDrive - Koc Universitesi/Masaüstü/koc/sem 8/GradWork/dev/phoenix_bot/src/install/phoenix_bot/share/phoenix_bot/cmake/phoenix_botConfig-version.cmake
[26.344s] -- Symlinking: /mnt/c/Users/mhoal/OneDrive - Koc Universitesi/Masaüstü/koc/sem 8/GradWork/dev/phoenix_bot/src/install/phoenix_bot/share/phoenix_bot/package.xml
[26.383s] Invoked command in '/mnt/c/Users/mhoal/OneDrive - Koc Universitesi/Masaüstü/koc/sem 8/GradWork/dev/phoenix_bot/src/build/phoenix_bot' returned '0': CMAKE_PREFIX_PATH=/opt/ros/humble /usr/bin/cmake --install /mnt/c/Users/mhoal/OneDrive - Koc Universitesi/Masaüstü/koc/sem 8/GradWork/dev/phoenix_bot/src/build/phoenix_bot
