-- Install configuration: ""
-- Execute custom install script
-- Up-to-date symlink: /mnt/c/Users/mhoal/OneDrive - Koc Universitesi/Masaüstü/koc/sem 8/GradWork/dev/phoenix_bot/src/install/phoenix_bot/share/phoenix_bot/config/empty.yaml
-- Up-to-date symlink: /mnt/c/Users/mhoal/OneDrive - Koc Universitesi/Masaüstü/koc/sem 8/GradWork/dev/phoenix_bot/src/install/phoenix_bot/share/phoenix_bot/description/camera.xacro
-- Up-to-date symlink: /mnt/c/Users/mhoal/OneDrive - Koc Universitesi/Masaüstü/koc/sem 8/GradWork/dev/phoenix_bot/src/install/phoenix_bot/share/phoenix_bot/description/depth_camera.xacro
-- Up-to-date symlink: /mnt/c/Users/mhoal/OneDrive - Koc Universitesi/Masaüstü/koc/sem 8/GradWork/dev/phoenix_bot/src/install/phoenix_bot/share/phoenix_bot/description/gazebo_control.xacro
-- Up-to-date symlink: /mnt/c/Users/mhoal/OneDrive - Koc Universitesi/Masaüstü/koc/sem 8/GradWork/dev/phoenix_bot/src/install/phoenix_bot/share/phoenix_bot/description/inertial_macros.xacro
-- Up-to-date symlink: /mnt/c/Users/mhoal/OneDrive - Koc Universitesi/Masaüstü/koc/sem 8/GradWork/dev/phoenix_bot/src/install/phoenix_bot/share/phoenix_bot/description/lidar.xacro
-- Up-to-date symlink: /mnt/c/Users/mhoal/OneDrive - Koc Universitesi/Masaüstü/koc/sem 8/GradWork/dev/phoenix_bot/src/install/phoenix_bot/share/phoenix_bot/description/robot.urdf.xacro
-- Up-to-date symlink: /mnt/c/Users/mhoal/OneDrive - Koc Universitesi/Masaüstü/koc/sem 8/GradWork/dev/phoenix_bot/src/install/phoenix_bot/share/phoenix_bot/description/robot_core.xacro
-- Up-to-date symlink: /mnt/c/Users/mhoal/OneDrive - Koc Universitesi/Masaüstü/koc/sem 8/GradWork/dev/phoenix_bot/src/install/phoenix_bot/share/phoenix_bot/launch/launch_sim.launch.py
-- Up-to-date symlink: /mnt/c/Users/mhoal/OneDrive - Koc Universitesi/Masaüstü/koc/sem 8/GradWork/dev/phoenix_bot/src/install/phoenix_bot/share/phoenix_bot/launch/rsp.launch.py
-- Up-to-date symlink: /mnt/c/Users/mhoal/OneDrive - Koc Universitesi/Masaüstü/koc/sem 8/GradWork/dev/phoenix_bot/src/install/phoenix_bot/share/phoenix_bot/worlds/empty.world
-- Up-to-date symlink: /mnt/c/Users/mhoal/OneDrive - Koc Universitesi/Masaüstü/koc/sem 8/GradWork/dev/phoenix_bot/src/install/phoenix_bot/share/phoenix_bot/worlds/obstacles.world
-- Up-to-date symlink: /mnt/c/Users/mhoal/OneDrive - Koc Universitesi/Masaüstü/koc/sem 8/GradWork/dev/phoenix_bot/src/install/phoenix_bot/share/ament_index/resource_index/package_run_dependencies/phoenix_bot
-- Up-to-date symlink: /mnt/c/Users/mhoal/OneDrive - Koc Universitesi/Masaüstü/koc/sem 8/GradWork/dev/phoenix_bot/src/install/phoenix_bot/share/ament_index/resource_index/parent_prefix_path/phoenix_bot
-- Up-to-date symlink: /mnt/c/Users/mhoal/OneDrive - Koc Universitesi/Masaüstü/koc/sem 8/GradWork/dev/phoenix_bot/src/install/phoenix_bot/share/phoenix_bot/environment/ament_prefix_path.sh
-- Up-to-date symlink: /mnt/c/Users/mhoal/OneDrive - Koc Universitesi/Masaüstü/koc/sem 8/GradWork/dev/phoenix_bot/src/install/phoenix_bot/share/phoenix_bot/environment/ament_prefix_path.dsv
-- Up-to-date symlink: /mnt/c/Users/mhoal/OneDrive - Koc Universitesi/Masaüstü/koc/sem 8/GradWork/dev/phoenix_bot/src/install/phoenix_bot/share/phoenix_bot/environment/path.sh
-- Up-to-date symlink: /mnt/c/Users/mhoal/OneDrive - Koc Universitesi/Masaüstü/koc/sem 8/GradWork/dev/phoenix_bot/src/install/phoenix_bot/share/phoenix_bot/environment/path.dsv
-- Up-to-date symlink: /mnt/c/Users/mhoal/OneDrive - Koc Universitesi/Masaüstü/koc/sem 8/GradWork/dev/phoenix_bot/src/install/phoenix_bot/share/phoenix_bot/local_setup.bash
-- Up-to-date symlink: /mnt/c/Users/mhoal/OneDrive - Koc Universitesi/Masaüstü/koc/sem 8/GradWork/dev/phoenix_bot/src/install/phoenix_bot/share/phoenix_bot/local_setup.sh
-- Up-to-date symlink: /mnt/c/Users/mhoal/OneDrive - Koc Universitesi/Masaüstü/koc/sem 8/GradWork/dev/phoenix_bot/src/install/phoenix_bot/share/phoenix_bot/local_setup.zsh
-- Up-to-date symlink: /mnt/c/Users/mhoal/OneDrive - Koc Universitesi/Masaüstü/koc/sem 8/GradWork/dev/phoenix_bot/src/install/phoenix_bot/share/phoenix_bot/local_setup.dsv
-- Symlinking: /mnt/c/Users/mhoal/OneDrive - Koc Universitesi/Masaüstü/koc/sem 8/GradWork/dev/phoenix_bot/src/install/phoenix_bot/share/phoenix_bot/package.dsv
-- Up-to-date symlink: /mnt/c/Users/mhoal/OneDrive - Koc Universitesi/Masaüstü/koc/sem 8/GradWork/dev/phoenix_bot/src/install/phoenix_bot/share/ament_index/resource_index/packages/phoenix_bot
-- Up-to-date symlink: /mnt/c/Users/mhoal/OneDrive - Koc Universitesi/Masaüstü/koc/sem 8/GradWork/dev/phoenix_bot/src/install/phoenix_bot/share/phoenix_bot/cmake/phoenix_botConfig.cmake
-- Up-to-date symlink: /mnt/c/Users/mhoal/OneDrive - Koc Universitesi/Masaüstü/koc/sem 8/GradWork/dev/phoenix_bot/src/install/phoenix_bot/share/phoenix_bot/cmake/phoenix_botConfig-version.cmake
-- Up-to-date symlink: /mnt/c/Users/mhoal/OneDrive - Koc Universitesi/Masaüstü/koc/sem 8/GradWork/dev/phoenix_bot/src/install/phoenix_bot/share/phoenix_bot/package.xml
