[0.305s] Invoking command in '/mnt/c/Users/mhoal/OneDrive - Koc Universitesi/Masaüstü/koc/sem 8/GradWork/dev/phoenix_bot/src/build/phoenix_bot': CMAKE_PREFIX_PATH=${CMAKE_PREFIX_PATH}:/opt/ros/humble /usr/bin/cmake --build /mnt/c/Users/mhoal/OneDrive - Koc Universitesi/Masaüstü/koc/sem 8/GradWork/dev/phoenix_bot/src/build/phoenix_bot -- -j16 -l16
[0.550s] Invoked command in '/mnt/c/Users/mhoal/OneDrive - Koc Universitesi/Masaüstü/koc/sem 8/GradWork/dev/phoenix_bot/src/build/phoenix_bot' returned '0': CMAKE_PREFIX_PATH=${CMAKE_PREFIX_PATH}:/opt/ros/humble /usr/bin/cmake --build /mnt/c/Users/mhoal/OneDrive - Koc Universitesi/Masaüstü/koc/sem 8/GradWork/dev/phoenix_bot/src/build/phoenix_bot -- -j16 -l16
[0.601s] Invoking command in '/mnt/c/Users/mhoal/OneDrive - Koc Universitesi/Masaüstü/koc/sem 8/GradWork/dev/phoenix_bot/src/build/phoenix_bot': CMAKE_PREFIX_PATH=${CMAKE_PREFIX_PATH}:/opt/ros/humble /usr/bin/cmake --install /mnt/c/Users/mhoal/OneDrive - Koc Universitesi/Masaüstü/koc/sem 8/GradWork/dev/phoenix_bot/src/build/phoenix_bot
[0.614s] -- Install configuration: ""
[0.638s] -- Execute custom install script
[0.750s] -- Up-to-date symlink: /mnt/c/Users/mhoal/OneDrive - Koc Universitesi/Masaüstü/koc/sem 8/GradWork/dev/phoenix_bot/src/install/phoenix_bot/share/phoenix_bot/config/empty.yaml
[0.876s] -- Up-to-date symlink: /mnt/c/Users/mhoal/OneDrive - Koc Universitesi/Masaüstü/koc/sem 8/GradWork/dev/phoenix_bot/src/install/phoenix_bot/share/phoenix_bot/description/camera.xacro
[0.916s] -- Up-to-date symlink: /mnt/c/Users/mhoal/OneDrive - Koc Universitesi/Masaüstü/koc/sem 8/GradWork/dev/phoenix_bot/src/install/phoenix_bot/share/phoenix_bot/description/depth_camera.xacro
[0.962s] -- Up-to-date symlink: /mnt/c/Users/mhoal/OneDrive - Koc Universitesi/Masaüstü/koc/sem 8/GradWork/dev/phoenix_bot/src/install/phoenix_bot/share/phoenix_bot/description/gazebo_control.xacro
[1.023s] -- Up-to-date symlink: /mnt/c/Users/mhoal/OneDrive - Koc Universitesi/Masaüstü/koc/sem 8/GradWork/dev/phoenix_bot/src/install/phoenix_bot/share/phoenix_bot/description/inertial_macros.xacro
[1.089s] -- Up-to-date symlink: /mnt/c/Users/mhoal/OneDrive - Koc Universitesi/Masaüstü/koc/sem 8/GradWork/dev/phoenix_bot/src/install/phoenix_bot/share/phoenix_bot/description/lidar.xacro
[1.155s] -- Up-to-date symlink: /mnt/c/Users/mhoal/OneDrive - Koc Universitesi/Masaüstü/koc/sem 8/GradWork/dev/phoenix_bot/src/install/phoenix_bot/share/phoenix_bot/description/robot.urdf.xacro
[1.254s] -- Up-to-date symlink: /mnt/c/Users/mhoal/OneDrive - Koc Universitesi/Masaüstü/koc/sem 8/GradWork/dev/phoenix_bot/src/install/phoenix_bot/share/phoenix_bot/description/robot_core.xacro
[1.370s] -- Up-to-date symlink: /mnt/c/Users/mhoal/OneDrive - Koc Universitesi/Masaüstü/koc/sem 8/GradWork/dev/phoenix_bot/src/install/phoenix_bot/share/phoenix_bot/launch/launch_sim.launch.py
[1.444s] -- Up-to-date symlink: /mnt/c/Users/mhoal/OneDrive - Koc Universitesi/Masaüstü/koc/sem 8/GradWork/dev/phoenix_bot/src/install/phoenix_bot/share/phoenix_bot/launch/rsp.launch.py
[1.558s] -- Up-to-date symlink: /mnt/c/Users/mhoal/OneDrive - Koc Universitesi/Masaüstü/koc/sem 8/GradWork/dev/phoenix_bot/src/install/phoenix_bot/share/phoenix_bot/worlds/empty.world
[1.631s] -- Up-to-date symlink: /mnt/c/Users/mhoal/OneDrive - Koc Universitesi/Masaüstü/koc/sem 8/GradWork/dev/phoenix_bot/src/install/phoenix_bot/share/phoenix_bot/worlds/obstacles.world
[1.718s] -- Up-to-date symlink: /mnt/c/Users/mhoal/OneDrive - Koc Universitesi/Masaüstü/koc/sem 8/GradWork/dev/phoenix_bot/src/install/phoenix_bot/share/ament_index/resource_index/package_run_dependencies/phoenix_bot
[1.800s] -- Up-to-date symlink: /mnt/c/Users/mhoal/OneDrive - Koc Universitesi/Masaüstü/koc/sem 8/GradWork/dev/phoenix_bot/src/install/phoenix_bot/share/ament_index/resource_index/parent_prefix_path/phoenix_bot
[1.832s] -- Up-to-date symlink: /mnt/c/Users/mhoal/OneDrive - Koc Universitesi/Masaüstü/koc/sem 8/GradWork/dev/phoenix_bot/src/install/phoenix_bot/share/phoenix_bot/environment/ament_prefix_path.sh
[1.883s] -- Up-to-date symlink: /mnt/c/Users/mhoal/OneDrive - Koc Universitesi/Masaüstü/koc/sem 8/GradWork/dev/phoenix_bot/src/install/phoenix_bot/share/phoenix_bot/environment/ament_prefix_path.dsv
[1.907s] -- Up-to-date symlink: /mnt/c/Users/mhoal/OneDrive - Koc Universitesi/Masaüstü/koc/sem 8/GradWork/dev/phoenix_bot/src/install/phoenix_bot/share/phoenix_bot/environment/path.sh
[1.956s] -- Up-to-date symlink: /mnt/c/Users/mhoal/OneDrive - Koc Universitesi/Masaüstü/koc/sem 8/GradWork/dev/phoenix_bot/src/install/phoenix_bot/share/phoenix_bot/environment/path.dsv
[1.994s] -- Up-to-date symlink: /mnt/c/Users/mhoal/OneDrive - Koc Universitesi/Masaüstü/koc/sem 8/GradWork/dev/phoenix_bot/src/install/phoenix_bot/share/phoenix_bot/local_setup.bash
[2.034s] -- Up-to-date symlink: /mnt/c/Users/mhoal/OneDrive - Koc Universitesi/Masaüstü/koc/sem 8/GradWork/dev/phoenix_bot/src/install/phoenix_bot/share/phoenix_bot/local_setup.sh
[2.100s] -- Up-to-date symlink: /mnt/c/Users/mhoal/OneDrive - Koc Universitesi/Masaüstü/koc/sem 8/GradWork/dev/phoenix_bot/src/install/phoenix_bot/share/phoenix_bot/local_setup.zsh
[2.155s] -- Up-to-date symlink: /mnt/c/Users/mhoal/OneDrive - Koc Universitesi/Masaüstü/koc/sem 8/GradWork/dev/phoenix_bot/src/install/phoenix_bot/share/phoenix_bot/local_setup.dsv
[2.185s] -- Symlinking: /mnt/c/Users/mhoal/OneDrive - Koc Universitesi/Masaüstü/koc/sem 8/GradWork/dev/phoenix_bot/src/install/phoenix_bot/share/phoenix_bot/package.dsv
[2.414s] -- Up-to-date symlink: /mnt/c/Users/mhoal/OneDrive - Koc Universitesi/Masaüstü/koc/sem 8/GradWork/dev/phoenix_bot/src/install/phoenix_bot/share/ament_index/resource_index/packages/phoenix_bot
[2.509s] -- Up-to-date symlink: /mnt/c/Users/mhoal/OneDrive - Koc Universitesi/Masaüstü/koc/sem 8/GradWork/dev/phoenix_bot/src/install/phoenix_bot/share/phoenix_bot/cmake/phoenix_botConfig.cmake
[2.574s] -- Up-to-date symlink: /mnt/c/Users/mhoal/OneDrive - Koc Universitesi/Masaüstü/koc/sem 8/GradWork/dev/phoenix_bot/src/install/phoenix_bot/share/phoenix_bot/cmake/phoenix_botConfig-version.cmake
[2.614s] -- Up-to-date symlink: /mnt/c/Users/mhoal/OneDrive - Koc Universitesi/Masaüstü/koc/sem 8/GradWork/dev/phoenix_bot/src/install/phoenix_bot/share/phoenix_bot/package.xml
[2.629s] Invoked command in '/mnt/c/Users/mhoal/OneDrive - Koc Universitesi/Masaüstü/koc/sem 8/GradWork/dev/phoenix_bot/src/build/phoenix_bot' returned '0': CMAKE_PREFIX_PATH=${CMAKE_PREFIX_PATH}:/opt/ros/humble /usr/bin/cmake --install /mnt/c/Users/mhoal/OneDrive - Koc Universitesi/Masaüstü/koc/sem 8/GradWork/dev/phoenix_bot/src/build/phoenix_bot
