[0.311s] DEBUG:colcon:Command line arguments: ['/usr/bin/colcon', 'build', '--symlink-install']
[0.312s] DEBUG:colcon:Parsed command line arguments: Namespace(log_base=None, log_level=None, verb_name='build', build_base='build', install_base='install', merge_install=False, symlink_install=True, test_result_base=None, continue_on_error=False, executor='parallel', parallel_workers=16, event_handlers=None, ignore_user_meta=False, metas=['./colcon.meta'], base_paths=['.'], packages_ignore=None, packages_ignore_regex=None, paths=None, packages_up_to=None, packages_up_to_regex=None, packages_above=None, packages_above_and_dependencies=None, packages_above_depth=None, packages_select_by_dep=None, packages_skip_by_dep=None, packages_skip_up_to=None, packages_select_build_failed=False, packages_skip_build_finished=False, packages_select_test_failures=False, packages_skip_test_passed=False, packages_select=None, packages_skip=None, packages_select_regex=None, packages_skip_regex=None, packages_start=None, packages_end=None, allow_overriding=[], cmake_args=None, cmake_target=None, cmake_target_skip_unavailable=False, cmake_clean_cache=False, cmake_clean_first=False, cmake_force_configure=False, ament_cmake_args=None, catkin_cmake_args=None, catkin_skip_building_tests=False, verb_parser=<colcon_defaults.argument_parser.defaults.DefaultArgumentsDecorator object at 0x790a59d27430>, verb_extension=<colcon_core.verb.build.BuildVerb object at 0x790a59d26f20>, main=<bound method BuildVerb.main of <colcon_core.verb.build.BuildVerb object at 0x790a59d26f20>>)
[0.538s] Level 1:colcon.colcon_core.package_discovery:discover_packages(colcon_meta) check parameters
[0.539s] Level 1:colcon.colcon_core.package_discovery:discover_packages(recursive) check parameters
[0.540s] Level 1:colcon.colcon_core.package_discovery:discover_packages(ignore) check parameters
[0.540s] Level 1:colcon.colcon_core.package_discovery:discover_packages(path) check parameters
[0.541s] Level 1:colcon.colcon_core.package_discovery:discover_packages(colcon_meta) discover
[0.542s] Level 1:colcon.colcon_core.package_discovery:discover_packages(recursive) discover
[0.542s] INFO:colcon.colcon_core.package_discovery:Crawling recursively for packages in '/mnt/c/Users/mhoal/OneDrive - Koc Universitesi/Masaüstü/koc/sem 8/GradWork/dev/phoenix_bot/src'
[0.547s] Level 1:colcon.colcon_core.package_identification:_identify(.) by extensions ['ignore', 'ignore_ament_install']
[0.548s] Level 1:colcon.colcon_core.package_identification:_identify(.) by extension 'ignore'
[0.549s] Level 1:colcon.colcon_core.package_identification:_identify(.) by extension 'ignore_ament_install'
[0.551s] Level 1:colcon.colcon_core.package_identification:_identify(.) by extensions ['colcon_pkg']
[0.552s] Level 1:colcon.colcon_core.package_identification:_identify(.) by extension 'colcon_pkg'
[0.553s] Level 1:colcon.colcon_core.package_identification:_identify(.) by extensions ['colcon_meta']
[0.553s] Level 1:colcon.colcon_core.package_identification:_identify(.) by extension 'colcon_meta'
[0.554s] Level 1:colcon.colcon_core.package_identification:_identify(.) by extensions ['ros']
[0.555s] Level 1:colcon.colcon_core.package_identification:_identify(.) by extension 'ros'
[0.583s] DEBUG:colcon.colcon_core.package_identification:Package '.' with type 'ros.ament_cmake' and name 'phoenix_bot'
[0.583s] Level 1:colcon.colcon_core.package_discovery:discover_packages(recursive) using defaults
[0.584s] Level 1:colcon.colcon_core.package_discovery:discover_packages(ignore) discover
[0.584s] Level 1:colcon.colcon_core.package_discovery:discover_packages(ignore) using defaults
[0.585s] Level 1:colcon.colcon_core.package_discovery:discover_packages(path) discover
[0.585s] Level 1:colcon.colcon_core.package_discovery:discover_packages(path) using defaults
[0.604s] Level 1:colcon.colcon_core.package_discovery:discover_packages(prefix_path) check parameters
[0.604s] Level 1:colcon.colcon_core.package_discovery:discover_packages(prefix_path) discover
[0.607s] DEBUG:colcon.colcon_installed_package_information.package_discovery:Found 273 installed packages in /opt/ros/humble
[0.609s] Level 1:colcon.colcon_core.package_discovery:discover_packages(prefix_path) using defaults
[0.647s] Level 5:colcon.colcon_core.verb:set package 'phoenix_bot' build argument 'cmake_args' from command line to 'None'
[0.648s] Level 5:colcon.colcon_core.verb:set package 'phoenix_bot' build argument 'cmake_target' from command line to 'None'
[0.649s] Level 5:colcon.colcon_core.verb:set package 'phoenix_bot' build argument 'cmake_target_skip_unavailable' from command line to 'False'
[0.650s] Level 5:colcon.colcon_core.verb:set package 'phoenix_bot' build argument 'cmake_clean_cache' from command line to 'False'
[0.651s] Level 5:colcon.colcon_core.verb:set package 'phoenix_bot' build argument 'cmake_clean_first' from command line to 'False'
[0.652s] Level 5:colcon.colcon_core.verb:set package 'phoenix_bot' build argument 'cmake_force_configure' from command line to 'False'
[0.652s] Level 5:colcon.colcon_core.verb:set package 'phoenix_bot' build argument 'ament_cmake_args' from command line to 'None'
[0.653s] Level 5:colcon.colcon_core.verb:set package 'phoenix_bot' build argument 'catkin_cmake_args' from command line to 'None'
[0.654s] Level 5:colcon.colcon_core.verb:set package 'phoenix_bot' build argument 'catkin_skip_building_tests' from command line to 'False'
[0.654s] DEBUG:colcon.colcon_core.verb:Building package 'phoenix_bot' with the following arguments: {'ament_cmake_args': None, 'build_base': '/mnt/c/Users/mhoal/OneDrive - Koc Universitesi/Masaüstü/koc/sem 8/GradWork/dev/phoenix_bot/src/build/phoenix_bot', 'catkin_cmake_args': None, 'catkin_skip_building_tests': False, 'cmake_args': None, 'cmake_clean_cache': False, 'cmake_clean_first': False, 'cmake_force_configure': False, 'cmake_target': None, 'cmake_target_skip_unavailable': False, 'install_base': '/mnt/c/Users/mhoal/OneDrive - Koc Universitesi/Masaüstü/koc/sem 8/GradWork/dev/phoenix_bot/src/install/phoenix_bot', 'merge_install': False, 'path': '/mnt/c/Users/mhoal/OneDrive - Koc Universitesi/Masaüstü/koc/sem 8/GradWork/dev/phoenix_bot/src', 'symlink_install': True, 'test_result_base': None}
[0.655s] INFO:colcon.colcon_core.executor:Executing jobs using 'parallel' executor
[0.656s] DEBUG:colcon.colcon_parallel_executor.executor.parallel:run_until_complete
[0.657s] INFO:colcon.colcon_ros.task.ament_cmake.build:Building ROS package in '/mnt/c/Users/mhoal/OneDrive - Koc Universitesi/Masaüstü/koc/sem 8/GradWork/dev/phoenix_bot/src' with build type 'ament_cmake'
[0.657s] INFO:colcon.colcon_cmake.task.cmake.build:Building CMake package in '/mnt/c/Users/mhoal/OneDrive - Koc Universitesi/Masaüstü/koc/sem 8/GradWork/dev/phoenix_bot/src'
[0.660s] INFO:colcon.colcon_core.plugin_system:Skipping extension 'colcon_core.shell.bat': Not used on non-Windows systems
[0.661s] INFO:colcon.colcon_core.shell:Skip shell extension 'powershell' for command environment: Not usable outside of PowerShell
[0.661s] DEBUG:colcon.colcon_core.shell:Skip shell extension 'dsv' for command environment
[0.799s] DEBUG:colcon.colcon_core.event_handler.log_command:Invoking command in '/mnt/c/Users/mhoal/OneDrive - Koc Universitesi/Masaüstü/koc/sem 8/GradWork/dev/phoenix_bot/src/build/phoenix_bot': CMAKE_PREFIX_PATH=/opt/ros/humble /usr/bin/cmake /mnt/c/Users/mhoal/OneDrive - Koc Universitesi/Masaüstü/koc/sem 8/GradWork/dev/phoenix_bot/src -DAMENT_CMAKE_SYMLINK_INSTALL=1 -DCMAKE_INSTALL_PREFIX=/mnt/c/Users/mhoal/OneDrive - Koc Universitesi/Masaüstü/koc/sem 8/GradWork/dev/phoenix_bot/src/install/phoenix_bot
[24.675s] DEBUG:colcon.colcon_core.event_handler.log_command:Invoked command in '/mnt/c/Users/mhoal/OneDrive - Koc Universitesi/Masaüstü/koc/sem 8/GradWork/dev/phoenix_bot/src/build/phoenix_bot' returned '0': CMAKE_PREFIX_PATH=/opt/ros/humble /usr/bin/cmake /mnt/c/Users/mhoal/OneDrive - Koc Universitesi/Masaüstü/koc/sem 8/GradWork/dev/phoenix_bot/src -DAMENT_CMAKE_SYMLINK_INSTALL=1 -DCMAKE_INSTALL_PREFIX=/mnt/c/Users/mhoal/OneDrive - Koc Universitesi/Masaüstü/koc/sem 8/GradWork/dev/phoenix_bot/src/install/phoenix_bot
[24.691s] DEBUG:colcon.colcon_core.event_handler.log_command:Invoking command in '/mnt/c/Users/mhoal/OneDrive - Koc Universitesi/Masaüstü/koc/sem 8/GradWork/dev/phoenix_bot/src/build/phoenix_bot': CMAKE_PREFIX_PATH=/opt/ros/humble /usr/bin/cmake --build /mnt/c/Users/mhoal/OneDrive - Koc Universitesi/Masaüstü/koc/sem 8/GradWork/dev/phoenix_bot/src/build/phoenix_bot -- -j16 -l16
[24.845s] DEBUG:colcon.colcon_core.event_handler.log_command:Invoked command in '/mnt/c/Users/mhoal/OneDrive - Koc Universitesi/Masaüstü/koc/sem 8/GradWork/dev/phoenix_bot/src/build/phoenix_bot' returned '0': CMAKE_PREFIX_PATH=/opt/ros/humble /usr/bin/cmake --build /mnt/c/Users/mhoal/OneDrive - Koc Universitesi/Masaüstü/koc/sem 8/GradWork/dev/phoenix_bot/src/build/phoenix_bot -- -j16 -l16
[24.885s] DEBUG:colcon.colcon_core.event_handler.log_command:Invoking command in '/mnt/c/Users/mhoal/OneDrive - Koc Universitesi/Masaüstü/koc/sem 8/GradWork/dev/phoenix_bot/src/build/phoenix_bot': CMAKE_PREFIX_PATH=/opt/ros/humble /usr/bin/cmake --install /mnt/c/Users/mhoal/OneDrive - Koc Universitesi/Masaüstü/koc/sem 8/GradWork/dev/phoenix_bot/src/build/phoenix_bot
[27.043s] Level 1:colcon.colcon_core.environment:create_environment_scripts_only(phoenix_bot)
[27.044s] DEBUG:colcon.colcon_core.event_handler.log_command:Invoked command in '/mnt/c/Users/mhoal/OneDrive - Koc Universitesi/Masaüstü/koc/sem 8/GradWork/dev/phoenix_bot/src/build/phoenix_bot' returned '0': CMAKE_PREFIX_PATH=/opt/ros/humble /usr/bin/cmake --install /mnt/c/Users/mhoal/OneDrive - Koc Universitesi/Masaüstü/koc/sem 8/GradWork/dev/phoenix_bot/src/build/phoenix_bot
[27.046s] Level 1:colcon.colcon_core.environment:checking '/mnt/c/Users/mhoal/OneDrive - Koc Universitesi/Masaüstü/koc/sem 8/GradWork/dev/phoenix_bot/src/install/phoenix_bot' for CMake module files
[27.221s] Level 1:colcon.colcon_core.environment:checking '/mnt/c/Users/mhoal/OneDrive - Koc Universitesi/Masaüstü/koc/sem 8/GradWork/dev/phoenix_bot/src/install/phoenix_bot' for CMake config files
[27.378s] Level 1:colcon.colcon_core.shell:create_environment_hook('phoenix_bot', 'cmake_prefix_path')
[27.379s] INFO:colcon.colcon_core.shell:Creating environment hook '/mnt/c/Users/mhoal/OneDrive - Koc Universitesi/Masaüstü/koc/sem 8/GradWork/dev/phoenix_bot/src/install/phoenix_bot/share/phoenix_bot/hook/cmake_prefix_path.ps1'
[27.405s] INFO:colcon.colcon_core.shell:Creating environment descriptor '/mnt/c/Users/mhoal/OneDrive - Koc Universitesi/Masaüstü/koc/sem 8/GradWork/dev/phoenix_bot/src/install/phoenix_bot/share/phoenix_bot/hook/cmake_prefix_path.dsv'
[27.441s] INFO:colcon.colcon_core.shell:Creating environment hook '/mnt/c/Users/mhoal/OneDrive - Koc Universitesi/Masaüstü/koc/sem 8/GradWork/dev/phoenix_bot/src/install/phoenix_bot/share/phoenix_bot/hook/cmake_prefix_path.sh'
[27.489s] Level 1:colcon.colcon_core.environment:checking '/mnt/c/Users/mhoal/OneDrive - Koc Universitesi/Masaüstü/koc/sem 8/GradWork/dev/phoenix_bot/src/install/phoenix_bot/bin'
[27.492s] Level 1:colcon.colcon_core.environment:checking '/mnt/c/Users/mhoal/OneDrive - Koc Universitesi/Masaüstü/koc/sem 8/GradWork/dev/phoenix_bot/src/install/phoenix_bot/lib/pkgconfig/phoenix_bot.pc'
[27.495s] Level 1:colcon.colcon_core.environment:checking '/mnt/c/Users/mhoal/OneDrive - Koc Universitesi/Masaüstü/koc/sem 8/GradWork/dev/phoenix_bot/src/install/phoenix_bot/lib/python3.10/site-packages'
[27.499s] Level 1:colcon.colcon_core.environment:checking '/mnt/c/Users/mhoal/OneDrive - Koc Universitesi/Masaüstü/koc/sem 8/GradWork/dev/phoenix_bot/src/install/phoenix_bot/bin'
[27.504s] INFO:colcon.colcon_core.shell:Creating package script '/mnt/c/Users/mhoal/OneDrive - Koc Universitesi/Masaüstü/koc/sem 8/GradWork/dev/phoenix_bot/src/install/phoenix_bot/share/phoenix_bot/package.ps1'
[27.535s] INFO:colcon.colcon_core.shell:Creating package descriptor '/mnt/c/Users/mhoal/OneDrive - Koc Universitesi/Masaüstü/koc/sem 8/GradWork/dev/phoenix_bot/src/install/phoenix_bot/share/phoenix_bot/package.dsv'
[27.629s] INFO:colcon.colcon_core.shell:Creating package script '/mnt/c/Users/mhoal/OneDrive - Koc Universitesi/Masaüstü/koc/sem 8/GradWork/dev/phoenix_bot/src/install/phoenix_bot/share/phoenix_bot/package.sh'
[27.676s] INFO:colcon.colcon_core.shell:Creating package script '/mnt/c/Users/mhoal/OneDrive - Koc Universitesi/Masaüstü/koc/sem 8/GradWork/dev/phoenix_bot/src/install/phoenix_bot/share/phoenix_bot/package.bash'
[27.696s] INFO:colcon.colcon_core.shell:Creating package script '/mnt/c/Users/mhoal/OneDrive - Koc Universitesi/Masaüstü/koc/sem 8/GradWork/dev/phoenix_bot/src/install/phoenix_bot/share/phoenix_bot/package.zsh'
[27.720s] Level 1:colcon.colcon_core.environment:create_file_with_runtime_dependencies(/mnt/c/Users/mhoal/OneDrive - Koc Universitesi/Masaüstü/koc/sem 8/GradWork/dev/phoenix_bot/src/install/phoenix_bot/share/colcon-core/packages/phoenix_bot)
[27.761s] Level 1:colcon.colcon_core.environment:create_environment_scripts_only(phoenix_bot)
[27.762s] Level 1:colcon.colcon_core.environment:checking '/mnt/c/Users/mhoal/OneDrive - Koc Universitesi/Masaüstü/koc/sem 8/GradWork/dev/phoenix_bot/src/install/phoenix_bot' for CMake module files
[27.942s] Level 1:colcon.colcon_core.environment:checking '/mnt/c/Users/mhoal/OneDrive - Koc Universitesi/Masaüstü/koc/sem 8/GradWork/dev/phoenix_bot/src/install/phoenix_bot' for CMake config files
[28.088s] Level 1:colcon.colcon_core.shell:create_environment_hook('phoenix_bot', 'cmake_prefix_path')
[28.089s] INFO:colcon.colcon_core.shell:Creating environment hook '/mnt/c/Users/mhoal/OneDrive - Koc Universitesi/Masaüstü/koc/sem 8/GradWork/dev/phoenix_bot/src/install/phoenix_bot/share/phoenix_bot/hook/cmake_prefix_path.ps1'
[28.115s] INFO:colcon.colcon_core.shell:Creating environment descriptor '/mnt/c/Users/mhoal/OneDrive - Koc Universitesi/Masaüstü/koc/sem 8/GradWork/dev/phoenix_bot/src/install/phoenix_bot/share/phoenix_bot/hook/cmake_prefix_path.dsv'
[28.142s] INFO:colcon.colcon_core.shell:Creating environment hook '/mnt/c/Users/mhoal/OneDrive - Koc Universitesi/Masaüstü/koc/sem 8/GradWork/dev/phoenix_bot/src/install/phoenix_bot/share/phoenix_bot/hook/cmake_prefix_path.sh'
[28.172s] Level 1:colcon.colcon_core.environment:checking '/mnt/c/Users/mhoal/OneDrive - Koc Universitesi/Masaüstü/koc/sem 8/GradWork/dev/phoenix_bot/src/install/phoenix_bot/bin'
[28.175s] Level 1:colcon.colcon_core.environment:checking '/mnt/c/Users/mhoal/OneDrive - Koc Universitesi/Masaüstü/koc/sem 8/GradWork/dev/phoenix_bot/src/install/phoenix_bot/lib/pkgconfig/phoenix_bot.pc'
[28.177s] Level 1:colcon.colcon_core.environment:checking '/mnt/c/Users/mhoal/OneDrive - Koc Universitesi/Masaüstü/koc/sem 8/GradWork/dev/phoenix_bot/src/install/phoenix_bot/lib/python3.10/site-packages'
[28.180s] Level 1:colcon.colcon_core.environment:checking '/mnt/c/Users/mhoal/OneDrive - Koc Universitesi/Masaüstü/koc/sem 8/GradWork/dev/phoenix_bot/src/install/phoenix_bot/bin'
[28.182s] INFO:colcon.colcon_core.shell:Creating package script '/mnt/c/Users/mhoal/OneDrive - Koc Universitesi/Masaüstü/koc/sem 8/GradWork/dev/phoenix_bot/src/install/phoenix_bot/share/phoenix_bot/package.ps1'
[28.202s] INFO:colcon.colcon_core.shell:Creating package descriptor '/mnt/c/Users/mhoal/OneDrive - Koc Universitesi/Masaüstü/koc/sem 8/GradWork/dev/phoenix_bot/src/install/phoenix_bot/share/phoenix_bot/package.dsv'
[28.224s] INFO:colcon.colcon_core.shell:Creating package script '/mnt/c/Users/mhoal/OneDrive - Koc Universitesi/Masaüstü/koc/sem 8/GradWork/dev/phoenix_bot/src/install/phoenix_bot/share/phoenix_bot/package.sh'
[28.250s] INFO:colcon.colcon_core.shell:Creating package script '/mnt/c/Users/mhoal/OneDrive - Koc Universitesi/Masaüstü/koc/sem 8/GradWork/dev/phoenix_bot/src/install/phoenix_bot/share/phoenix_bot/package.bash'
[28.281s] INFO:colcon.colcon_core.shell:Creating package script '/mnt/c/Users/mhoal/OneDrive - Koc Universitesi/Masaüstü/koc/sem 8/GradWork/dev/phoenix_bot/src/install/phoenix_bot/share/phoenix_bot/package.zsh'
[28.307s] Level 1:colcon.colcon_core.environment:create_file_with_runtime_dependencies(/mnt/c/Users/mhoal/OneDrive - Koc Universitesi/Masaüstü/koc/sem 8/GradWork/dev/phoenix_bot/src/install/phoenix_bot/share/colcon-core/packages/phoenix_bot)
[28.325s] DEBUG:colcon.colcon_parallel_executor.executor.parallel:closing loop
[28.326s] DEBUG:colcon.colcon_parallel_executor.executor.parallel:loop closed
[28.327s] DEBUG:colcon.colcon_parallel_executor.executor.parallel:run_until_complete finished with '0'
[28.327s] DEBUG:colcon.colcon_core.event_reactor:joining thread
[28.484s] INFO:colcon.colcon_core.plugin_system:Skipping extension 'colcon_notification.desktop_notification.notify_send': Could not find 'notify-send'
[28.485s] INFO:colcon.colcon_core.plugin_system:Skipping extension 'colcon_notification.desktop_notification.terminal_notifier': Not used on non-Darwin systems
[28.485s] INFO:colcon.colcon_core.plugin_system:Skipping extension 'colcon_notification.desktop_notification.win32': Not used on non-Windows systems
[28.485s] INFO:colcon.colcon_notification.desktop_notification:Sending desktop notification using 'notify2'
[28.486s] DEBUG:colcon.colcon_notification.desktop_notification.notify2:Failed to initialize notify2: org.freedesktop.DBus.Error.FileNotFound: Failed to connect to socket /run/user/1000/bus: No such file or directory
[28.486s] DEBUG:colcon.colcon_core.event_reactor:joined thread
[28.487s] INFO:colcon.colcon_core.shell:Creating prefix script '/mnt/c/Users/mhoal/OneDrive - Koc Universitesi/Masaüstü/koc/sem 8/GradWork/dev/phoenix_bot/src/install/local_setup.ps1'
[28.498s] INFO:colcon.colcon_core.shell:Creating prefix util module '/mnt/c/Users/mhoal/OneDrive - Koc Universitesi/Masaüstü/koc/sem 8/GradWork/dev/phoenix_bot/src/install/_local_setup_util_ps1.py'
[28.511s] INFO:colcon.colcon_core.shell:Creating prefix chain script '/mnt/c/Users/mhoal/OneDrive - Koc Universitesi/Masaüstü/koc/sem 8/GradWork/dev/phoenix_bot/src/install/setup.ps1'
[28.526s] INFO:colcon.colcon_core.shell:Creating prefix script '/mnt/c/Users/mhoal/OneDrive - Koc Universitesi/Masaüstü/koc/sem 8/GradWork/dev/phoenix_bot/src/install/local_setup.sh'
[28.547s] INFO:colcon.colcon_core.shell:Creating prefix util module '/mnt/c/Users/mhoal/OneDrive - Koc Universitesi/Masaüstü/koc/sem 8/GradWork/dev/phoenix_bot/src/install/_local_setup_util_sh.py'
[28.569s] INFO:colcon.colcon_core.shell:Creating prefix chain script '/mnt/c/Users/mhoal/OneDrive - Koc Universitesi/Masaüstü/koc/sem 8/GradWork/dev/phoenix_bot/src/install/setup.sh'
[28.589s] INFO:colcon.colcon_core.shell:Creating prefix script '/mnt/c/Users/mhoal/OneDrive - Koc Universitesi/Masaüstü/koc/sem 8/GradWork/dev/phoenix_bot/src/install/local_setup.bash'
[28.610s] INFO:colcon.colcon_core.shell:Creating prefix chain script '/mnt/c/Users/mhoal/OneDrive - Koc Universitesi/Masaüstü/koc/sem 8/GradWork/dev/phoenix_bot/src/install/setup.bash'
[28.631s] INFO:colcon.colcon_core.shell:Creating prefix script '/mnt/c/Users/mhoal/OneDrive - Koc Universitesi/Masaüstü/koc/sem 8/GradWork/dev/phoenix_bot/src/install/local_setup.zsh'
[28.646s] INFO:colcon.colcon_core.shell:Creating prefix chain script '/mnt/c/Users/mhoal/OneDrive - Koc Universitesi/Masaüstü/koc/sem 8/GradWork/dev/phoenix_bot/src/install/setup.zsh'
